TN:
SF:/home/jani/dev/blockchain/vanilla-platform/contracts/LongShortController.sol
FN:10,LongShortController
FNF:1
FNH:1
FNDA:3,LongShortController
DA:11,3
LF:1
LH:1
BRF:0
BRH:0
end_of_record
TN:
SF:/home/jani/dev/blockchain/vanilla-platform/contracts/OrdersManager.sol
FN:40,OrdersManager
FN:62,setFeeWallet
FN:71,similarOrdersExist
FN:82,matchesExist
FN:97,createOrder
FN:147,matchMaker
FNF:6
FNH:4
FNDA:8,OrdersManager
FNDA:3,setFeeWallet
FNDA:0,similarOrdersExist
FNDA:0,matchesExist
FNDA:4,createOrder
FNDA:1,matchMaker
DA:41,8
DA:63,3
DA:64,3
DA:72,0
DA:73,0
DA:75,0
DA:83,0
DA:84,0
DA:86,0
DA:100,4
DA:101,0
DA:104,0
DA:109,0
DA:112,0
DA:113,0
DA:117,0
DA:120,0
DA:126,0
DA:127,0
DA:131,0
DA:134,0
DA:150,1
DA:152,0
DA:155,0
DA:158,0
DA:159,0
DA:162,0
DA:163,0
DA:165,0
DA:166,0
DA:168,0
DA:171,0
DA:172,0
DA:173,0
DA:174,0
DA:178,0
DA:179,0
DA:181,0
DA:183,0
DA:184,0
DA:185,0
DA:186,0
DA:190,0
DA:192,0
DA:193,0
DA:195,0
DA:197,0
DA:198,0
DA:200,0
DA:209,0
DA:210,0
DA:212,0
DA:215,0
DA:216,0
DA:217,0
DA:218,0
DA:222,0
DA:223,0
DA:225,0
DA:227,0
DA:228,0
DA:229,0
DA:230,0
DA:234,0
DA:236,0
DA:237,0
DA:239,0
DA:241,0
DA:242,0
DA:244,0
DA:252,0
DA:253,0
DA:255,0
DA:256,0
LF:74
LH:5
BRDA:72,1,0,0
BRDA:72,1,1,0
BRDA:83,2,0,0
BRDA:83,2,1,0
BRDA:100,3,0,0
BRDA:100,3,1,4
BRDA:101,4,0,0
BRDA:101,4,1,0
BRDA:109,5,0,0
BRDA:109,5,1,0
BRDA:112,6,0,0
BRDA:112,6,1,0
BRDA:126,7,0,0
BRDA:126,7,1,0
BRDA:150,8,0,0
BRDA:150,8,1,1
BRDA:162,9,0,0
BRDA:162,9,1,0
BRDA:163,10,0,0
BRDA:163,10,1,0
BRDA:179,11,0,0
BRDA:179,11,1,0
BRDA:181,12,0,0
BRDA:181,12,1,0
BRDA:223,13,0,0
BRDA:223,13,1,0
BRDA:225,14,0,0
BRDA:225,14,1,0
BRF:28
BRH:2
end_of_record
TN:
SF:/home/jani/dev/blockchain/vanilla-platform/contracts/ProxyWallet.sol
FN:30,
FN:38,refund
FN:53,destroy
FNF:3
FNH:3
FNDA:5,
FNDA:2,refund
FNDA:2,destroy
DA:31,5
DA:32,5
DA:39,2
DA:40,1
DA:41,1
DA:42,1
DA:56,2
DA:59,1
DA:62,1
LF:9
LH:9
BRDA:39,1,0,1
BRDA:39,1,1,1
BRDA:56,2,0,1
BRDA:56,2,1,1
BRF:4
BRH:4
end_of_record
TN:
SF:/home/jani/dev/blockchain/vanilla-platform/contracts/Verify.sol
FN:4,recoverAddr
FN:8,isSigned
FNF:2
FNH:0
FNDA:0,recoverAddr
FNDA:0,isSigned
DA:5,0
DA:9,0
LF:2
LH:0
BRF:0
BRH:0
end_of_record
